<?xml version="1.0" encoding="UTF-8"?>
<!-- Generated by org.testng.reporters.JUnitXMLReporter -->
<testsuite ignored="0" hostname="Sumedh" failures="2" tests="4" name="All Tests" time="35.939" errors="0" timestamp="2025-08-18T22:54:42 IST">
  <testcase classname="com.orangehrm.tests.LoginTest" name="testSuccessfulLoginAndLogout" time="5.901"/>
  <testcase classname="com.orangehrm.tests.AddEmployeeTest" name="testAddNewEmployee" time="0.005">
    <failure type="java.lang.Error" message="Unresolved compilation problem: 
	The method goToAddEmployeePage() from the type PIMPage refers to the missing type AddEmployeePage
">
      <![CDATA[java.lang.Error: Unresolved compilation problem: 
The method goToAddEmployeePage() from the type PIMPage refers to the missing type AddEmployeePage

at com.orangehrm.tests.AddEmployeeTest.testAddNewEmployee(AddEmployeeTest.java:15)
at java.base/java.util.ArrayList.forEach(ArrayList.java:1597)
... Removed 25 stack frames]]>
    </failure>
  </testcase> <!-- testAddNewEmployee -->
  <testcase classname="com.orangehrm.tests.EditEmployeeTest" name="testEditEmployee" time="5.441"/>
  <testcase classname="com.orangehrm.tests.EndToEndTest" name="testEndToEndFlow_AddEmployee" time="0.004">
    <failure type="java.lang.Error" message="Unresolved compilation problem: 
	The method goToAddEmployeePage() from the type PIMPage refers to the missing type AddEmployeePage
">
      <![CDATA[java.lang.Error: Unresolved compilation problem: 
The method goToAddEmployeePage() from the type PIMPage refers to the missing type AddEmployeePage

at com.orangehrm.tests.EndToEndTest.testEndToEndFlow_AddEmployee(EndToEndTest.java:18)
at java.base/java.util.ArrayList.forEach(ArrayList.java:1597)
... Removed 25 stack frames]]>
    </failure>
  </testcase> <!-- testEndToEndFlow_AddEmployee -->
</testsuite> <!-- All Tests -->
