<?xml version="1.0" encoding="UTF-8"?>
<testng-results ignored="0" total="6" passed="5" failed="1" skipped="0">
  <reporter-output>
  </reporter-output>
  <suite started-at="2025-08-27T19:35:45 IST" name="Default suite" finished-at="2025-08-27T19:41:33 IST" duration-ms="347607">
    <groups>
    </groups>
    <test started-at="2025-08-27T19:35:45 IST" name="Default test" finished-at="2025-08-27T19:41:33 IST" duration-ms="347607">
      <class name="com.orangehrm.tests.AddEmployeeTest">
        <test-method is-config="true" signature="setUp()[pri:0, instance:com.orangehrm.tests.AddEmployeeTest@5143c662]" started-at="2025-08-27T19:35:45 IST" name="setUp" finished-at="2025-08-27T19:35:54 IST" duration-ms="9099" status="PASS">
          <reporter-output>
          </reporter-output>
        </test-method> <!-- setUp -->
        <test-method signature="testNavigateToAddEmployee()[pri:1, instance:com.orangehrm.tests.AddEmployeeTest@5143c662]" started-at="2025-08-27T19:35:54 IST" name="testNavigateToAddEmployee" finished-at="2025-08-27T19:36:28 IST" duration-ms="33350" status="PASS">
          <reporter-output>
          </reporter-output>
        </test-method> <!-- testNavigateToAddEmployee -->
        <test-method is-config="true" signature="tearDown()[pri:0, instance:com.orangehrm.tests.AddEmployeeTest@5143c662]" started-at="2025-08-27T19:36:28 IST" name="tearDown" finished-at="2025-08-27T19:36:28 IST" duration-ms="600" status="PASS">
          <reporter-output>
          </reporter-output>
        </test-method> <!-- tearDown -->
        <test-method is-config="true" signature="setUp()[pri:0, instance:com.orangehrm.tests.AddEmployeeTest@5143c662]" started-at="2025-08-27T19:36:28 IST" name="setUp" finished-at="2025-08-27T19:36:37 IST" duration-ms="8350" status="PASS">
          <reporter-output>
          </reporter-output>
        </test-method> <!-- setUp -->
        <test-method signature="testAddEmployeeWithMandatoryFields()[pri:2, instance:com.orangehrm.tests.AddEmployeeTest@5143c662]" started-at="2025-08-27T19:36:37 IST" name="testAddEmployeeWithMandatoryFields" finished-at="2025-08-27T19:37:28 IST" duration-ms="51701" status="PASS">
          <reporter-output>
          </reporter-output>
        </test-method> <!-- testAddEmployeeWithMandatoryFields -->
        <test-method is-config="true" signature="tearDown()[pri:0, instance:com.orangehrm.tests.AddEmployeeTest@5143c662]" started-at="2025-08-27T19:37:28 IST" name="tearDown" finished-at="2025-08-27T19:37:29 IST" duration-ms="504" status="PASS">
          <reporter-output>
          </reporter-output>
        </test-method> <!-- tearDown -->
        <test-method is-config="true" signature="setUp()[pri:0, instance:com.orangehrm.tests.AddEmployeeTest@5143c662]" started-at="2025-08-27T19:37:29 IST" name="setUp" finished-at="2025-08-27T19:37:38 IST" duration-ms="9030" status="PASS">
          <reporter-output>
          </reporter-output>
        </test-method> <!-- setUp -->
        <test-method signature="testAddEmployeeWithAllDetails()[pri:3, instance:com.orangehrm.tests.AddEmployeeTest@5143c662]" started-at="2025-08-27T19:37:38 IST" name="testAddEmployeeWithAllDetails" finished-at="2025-08-27T19:38:30 IST" duration-ms="52328" status="PASS">
          <reporter-output>
          </reporter-output>
        </test-method> <!-- testAddEmployeeWithAllDetails -->
        <test-method is-config="true" signature="tearDown()[pri:0, instance:com.orangehrm.tests.AddEmployeeTest@5143c662]" started-at="2025-08-27T19:38:30 IST" name="tearDown" finished-at="2025-08-27T19:38:31 IST" duration-ms="432" status="PASS">
          <reporter-output>
          </reporter-output>
        </test-method> <!-- tearDown -->
        <test-method is-config="true" signature="setUp()[pri:0, instance:com.orangehrm.tests.AddEmployeeTest@5143c662]" started-at="2025-08-27T19:38:31 IST" name="setUp" finished-at="2025-08-27T19:38:39 IST" duration-ms="8431" status="PASS">
          <reporter-output>
          </reporter-output>
        </test-method> <!-- setUp -->
        <test-method signature="testAddEmployeeWithLoginDetails()[pri:4, instance:com.orangehrm.tests.AddEmployeeTest@5143c662]" started-at="2025-08-27T19:38:39 IST" name="testAddEmployeeWithLoginDetails" finished-at="2025-08-27T19:40:04 IST" duration-ms="84484" status="FAIL">
          <exception class="java.lang.AssertionError">
            <message>
              <![CDATA[Employee with login details not created successfully expected [true] but found [false]]]>
            </message>
            <full-stacktrace>
              <![CDATA[java.lang.AssertionError: Employee with login details not created successfully expected [true] but found [false]
at org.testng.Assert.fail(Assert.java:111)
at org.testng.Assert.failNotEquals(Assert.java:1578)
at org.testng.Assert.assertTrue(Assert.java:57)
at com.orangehrm.tests.AddEmployeeTest.testAddEmployeeWithLoginDetails(AddEmployeeTest.java:259)
at java.base/jdk.internal.reflect.DirectMethodHandleAccessor.invoke(DirectMethodHandleAccessor.java:103)
at java.base/java.lang.reflect.Method.invoke(Method.java:580)
at org.testng.internal.invokers.MethodInvocationHelper.invokeMethod(MethodInvocationHelper.java:139)
at org.testng.internal.invokers.TestInvoker.invokeMethod(TestInvoker.java:664)
at org.testng.internal.invokers.TestInvoker.invokeTestMethod(TestInvoker.java:227)
at org.testng.internal.invokers.MethodRunner.runInSequence(MethodRunner.java:50)
at org.testng.internal.invokers.TestInvoker$MethodInvocationAgent.invoke(TestInvoker.java:957)
at org.testng.internal.invokers.TestInvoker.invokeTestMethods(TestInvoker.java:200)
at org.testng.internal.invokers.TestMethodWorker.invokeTestMethods(TestMethodWorker.java:148)
at org.testng.internal.invokers.TestMethodWorker.run(TestMethodWorker.java:128)
at java.base/java.util.ArrayList.forEach(ArrayList.java:1597)
at org.testng.TestRunner.privateRun(TestRunner.java:848)
at org.testng.TestRunner.run(TestRunner.java:621)
at org.testng.SuiteRunner.runTest(SuiteRunner.java:443)
at org.testng.SuiteRunner.runSequentially(SuiteRunner.java:437)
at org.testng.SuiteRunner.privateRun(SuiteRunner.java:397)
at org.testng.SuiteRunner.run(SuiteRunner.java:336)
at org.testng.SuiteRunnerWorker.runSuite(SuiteRunnerWorker.java:52)
at org.testng.SuiteRunnerWorker.run(SuiteRunnerWorker.java:95)
at org.testng.TestNG.runSuitesSequentially(TestNG.java:1280)
at org.testng.TestNG.runSuitesLocally(TestNG.java:1200)
at org.testng.TestNG.runSuites(TestNG.java:1114)
at org.testng.TestNG.run(TestNG.java:1082)
at org.testng.remote.AbstractRemoteTestNG.run(AbstractRemoteTestNG.java:115)
at org.testng.remote.RemoteTestNG.initAndRun(RemoteTestNG.java:293)
at org.testng.remote.RemoteTestNG.main(RemoteTestNG.java:91)
]]>
            </full-stacktrace>
          </exception> <!-- java.lang.AssertionError -->
          <reporter-output>
          </reporter-output>
        </test-method> <!-- testAddEmployeeWithLoginDetails -->
        <test-method is-config="true" signature="tearDown()[pri:0, instance:com.orangehrm.tests.AddEmployeeTest@5143c662]" started-at="2025-08-27T19:40:04 IST" name="tearDown" finished-at="2025-08-27T19:40:04 IST" duration-ms="568" status="PASS">
          <reporter-output>
          </reporter-output>
        </test-method> <!-- tearDown -->
        <test-method is-config="true" signature="setUp()[pri:0, instance:com.orangehrm.tests.AddEmployeeTest@5143c662]" started-at="2025-08-27T19:40:04 IST" name="setUp" finished-at="2025-08-27T19:40:13 IST" duration-ms="9206" status="PASS">
          <reporter-output>
          </reporter-output>
        </test-method> <!-- setUp -->
        <test-method signature="testAddEmployeeValidation()[pri:5, instance:com.orangehrm.tests.AddEmployeeTest@5143c662]" started-at="2025-08-27T19:40:13 IST" name="testAddEmployeeValidation" finished-at="2025-08-27T19:40:48 IST" duration-ms="34991" status="PASS">
          <reporter-output>
          </reporter-output>
        </test-method> <!-- testAddEmployeeValidation -->
        <test-method is-config="true" signature="tearDown()[pri:0, instance:com.orangehrm.tests.AddEmployeeTest@5143c662]" started-at="2025-08-27T19:40:48 IST" name="tearDown" finished-at="2025-08-27T19:40:49 IST" duration-ms="424" status="PASS">
          <reporter-output>
          </reporter-output>
        </test-method> <!-- tearDown -->
        <test-method is-config="true" signature="setUp()[pri:0, instance:com.orangehrm.tests.AddEmployeeTest@5143c662]" started-at="2025-08-27T19:40:49 IST" name="setUp" finished-at="2025-08-27T19:40:57 IST" duration-ms="7687" status="PASS">
          <reporter-output>
          </reporter-output>
        </test-method> <!-- setUp -->
        <test-method signature="testCancelAddEmployee()[pri:6, instance:com.orangehrm.tests.AddEmployeeTest@5143c662]" started-at="2025-08-27T19:40:57 IST" name="testCancelAddEmployee" finished-at="2025-08-27T19:41:32 IST" duration-ms="35875" status="PASS">
          <reporter-output>
          </reporter-output>
        </test-method> <!-- testCancelAddEmployee -->
        <test-method is-config="true" signature="tearDown()[pri:0, instance:com.orangehrm.tests.AddEmployeeTest@5143c662]" started-at="2025-08-27T19:41:32 IST" name="tearDown" finished-at="2025-08-27T19:41:33 IST" duration-ms="408" status="PASS">
          <reporter-output>
          </reporter-output>
        </test-method> <!-- tearDown -->
      </class> <!-- com.orangehrm.tests.AddEmployeeTest -->
    </test> <!-- Default test -->
  </suite> <!-- Default suite -->
</testng-results>
